2015-02-23 11:26:14,312 - [INFO] - from play in pool-4-thread-1 
Listening for HTTP on /0:0:0:0:0:0:0:0:9000

2015-02-23 11:26:24,234 - [INFO] - from play in play-internal-execution-context-1 
Application started (Dev)

2015-02-23 11:31:16,370 - [ERROR] - from application in play-akka.actor.default-dispatcher-15 


! @6l9od7o9n - Internal server error, for (GET) [/employees] ->

play.api.Application$$anon$1: Execution exception[[ClassCastException: scala.None$ cannot be cast to com.mongodb.BasicDBObject]]
	at play.api.Application$class.handleError(Application.scala:296) ~[play_2.11-2.3.7.jar:2.3.7]
	at play.api.DefaultApplication.handleError(Application.scala:402) [play_2.11-2.3.7.jar:2.3.7]
	at play.core.server.netty.PlayDefaultUpstreamHandler$$anonfun$14$$anonfun$apply$1.applyOrElse(PlayDefaultUpstreamHandler.scala:205) [play_2.11-2.3.7.jar:2.3.7]
	at play.core.server.netty.PlayDefaultUpstreamHandler$$anonfun$14$$anonfun$apply$1.applyOrElse(PlayDefaultUpstreamHandler.scala:202) [play_2.11-2.3.7.jar:2.3.7]
	at scala.runtime.AbstractPartialFunction.apply(AbstractPartialFunction.scala:36) [scala-library-2.11.5.jar:na]
	at scala.util.Failure$$anonfun$recover$1.apply(Try.scala:215) [scala-library-2.11.5.jar:na]
	at scala.util.Try$.apply(Try.scala:191) [scala-library-2.11.5.jar:na]
	at scala.util.Failure.recover(Try.scala:215) [scala-library-2.11.5.jar:na]
	at scala.concurrent.Future$$anonfun$recover$1.apply(Future.scala:324) [scala-library-2.11.5.jar:na]
	at scala.concurrent.Future$$anonfun$recover$1.apply(Future.scala:324) [scala-library-2.11.5.jar:na]
	at scala.concurrent.impl.CallbackRunnable.run(Promise.scala:32) [scala-library-2.11.5.jar:na]
	at play.api.libs.iteratee.Execution$trampoline$.execute(Execution.scala:46) [play-iteratees_2.11-2.3.7.jar:2.3.7]
	at scala.concurrent.impl.CallbackRunnable.executeWithValue(Promise.scala:40) [scala-library-2.11.5.jar:na]
	at scala.concurrent.impl.Promise$DefaultPromise.tryComplete(Promise.scala:248) [scala-library-2.11.5.jar:na]
	at scala.concurrent.Promise$class.complete(Promise.scala:55) [scala-library-2.11.5.jar:na]
	at scala.concurrent.impl.Promise$DefaultPromise.complete(Promise.scala:153) [scala-library-2.11.5.jar:na]
	at scala.concurrent.impl.Future$PromiseCompletingRunnable.run(Future.scala:23) [scala-library-2.11.5.jar:na]
	at akka.dispatch.TaskInvocation.run(AbstractDispatcher.scala:41) [akka-actor_2.11-2.3.4.jar:na]
	at akka.dispatch.ForkJoinExecutorConfigurator$AkkaForkJoinTask.exec(AbstractDispatcher.scala:393) [akka-actor_2.11-2.3.4.jar:na]
	at scala.concurrent.forkjoin.ForkJoinTask.doExec(ForkJoinTask.java:260) [scala-library-2.11.5.jar:na]
	at scala.concurrent.forkjoin.ForkJoinPool$WorkQueue.runTask(ForkJoinPool.java:1339) [scala-library-2.11.5.jar:na]
	at scala.concurrent.forkjoin.ForkJoinPool.runWorker(ForkJoinPool.java:1979) [scala-library-2.11.5.jar:na]
	at scala.concurrent.forkjoin.ForkJoinWorkerThread.run(ForkJoinWorkerThread.java:107) [scala-library-2.11.5.jar:na]
Caused by: java.lang.ClassCastException: scala.None$ cannot be cast to com.mongodb.BasicDBObject
	at com.mongodb.casbah.commons.Castable$class.castToOption(Castable.scala:72) ~[casbah-commons_2.11-2.8.0.jar:2.8.0]
	at com.mongodb.casbah.commons.MongoDBObject.castToOption(MongoDBObject.scala:46) ~[casbah-commons_2.11-2.8.0.jar:2.8.0]
	at com.mongodb.casbah.commons.MongoDBObject.as(MongoDBObject.scala:74) ~[casbah-commons_2.11-2.8.0.jar:2.8.0]
	at com.adform.lab.converters.EmployeeConverter$.fromBson(EmployeeConverter.scala:32) ~[classes/:na]
	at com.adform.lab.repositories.EmployeeRepositoryComponentImpl$EmployeeRepositoryImpl$$anonfun$find$1.apply(EmployeeRepositoryComponentImpl.scala:34) ~[classes/:na]
	at com.adform.lab.repositories.EmployeeRepositoryComponentImpl$EmployeeRepositoryImpl$$anonfun$find$1.apply(EmployeeRepositoryComponentImpl.scala:34) ~[classes/:na]
	at scala.collection.Iterator$$anon$11.next(Iterator.scala:370) ~[scala-library-2.11.5.jar:na]
	at scala.collection.Iterator$class.foreach(Iterator.scala:750) ~[scala-library-2.11.5.jar:na]
	at scala.collection.AbstractIterator.foreach(Iterator.scala:1202) ~[scala-library-2.11.5.jar:na]
	at scala.collection.generic.Growable$class.$plus$plus$eq(Growable.scala:59) ~[scala-library-2.11.5.jar:na]
	at scala.collection.mutable.ListBuffer.$plus$plus$eq(ListBuffer.scala:183) ~[scala-library-2.11.5.jar:na]
	at scala.collection.mutable.ListBuffer.$plus$plus$eq(ListBuffer.scala:45) ~[scala-library-2.11.5.jar:na]
	at scala.collection.TraversableOnce$class.to(TraversableOnce.scala:295) ~[scala-library-2.11.5.jar:na]
	at scala.collection.AbstractIterator.to(Iterator.scala:1202) ~[scala-library-2.11.5.jar:na]
	at scala.collection.TraversableOnce$class.toList(TraversableOnce.scala:279) ~[scala-library-2.11.5.jar:na]
	at scala.collection.AbstractIterator.toList(Iterator.scala:1202) ~[scala-library-2.11.5.jar:na]
	at com.adform.lab.repositories.EmployeeRepositoryComponentImpl$EmployeeRepositoryImpl.find(EmployeeRepositoryComponentImpl.scala:34) ~[classes/:na]
	at com.adform.lab.services.EmployeeServiceComponentImpl$EmployeeServiceImpl.getAllEmployees(EmployeeServiceComponentImpl.scala:37) ~[classes/:na]
	at com.adform.lab.controllers.EmployeeController$$anonfun$findEmployeeByParams$1$$anonfun$apply$9$$anonfun$apply$10.apply(EmployeeController.scala:77) ~[classes/:na]
	at com.adform.lab.controllers.EmployeeController$$anonfun$findEmployeeByParams$1$$anonfun$apply$9$$anonfun$apply$10.apply(EmployeeController.scala:75) ~[classes/:na]
	at com.adform.lab.controllers.Secured$$anonfun$WithAuthentication$1.apply(Secured.scala:27) ~[classes/:na]
	at com.adform.lab.controllers.Secured$$anonfun$WithAuthentication$1.apply(Secured.scala:25) ~[classes/:na]
	at play.api.mvc.ActionBuilder$$anonfun$apply$16.apply(Action.scala:433) ~[play_2.11-2.3.7.jar:2.3.7]
	at play.api.mvc.ActionBuilder$$anonfun$apply$16.apply(Action.scala:432) ~[play_2.11-2.3.7.jar:2.3.7]
	at play.api.mvc.Action$.invokeBlock(Action.scala:556) ~[play_2.11-2.3.7.jar:2.3.7]
	at play.api.mvc.Action$.invokeBlock(Action.scala:555) ~[play_2.11-2.3.7.jar:2.3.7]
	at play.api.mvc.ActionBuilder$$anon$1.apply(Action.scala:518) ~[play_2.11-2.3.7.jar:2.3.7]
	at play.api.mvc.Action$$anonfun$apply$1$$anonfun$apply$4$$anonfun$apply$5.apply(Action.scala:130) ~[play_2.11-2.3.7.jar:2.3.7]
	at play.api.mvc.Action$$anonfun$apply$1$$anonfun$apply$4$$anonfun$apply$5.apply(Action.scala:130) ~[play_2.11-2.3.7.jar:2.3.7]
	at play.utils.Threads$.withContextClassLoader(Threads.scala:21) ~[play_2.11-2.3.7.jar:2.3.7]
	at play.api.mvc.Action$$anonfun$apply$1$$anonfun$apply$4.apply(Action.scala:129) ~[play_2.11-2.3.7.jar:2.3.7]
	at play.api.mvc.Action$$anonfun$apply$1$$anonfun$apply$4.apply(Action.scala:128) ~[play_2.11-2.3.7.jar:2.3.7]
	at scala.Option.map(Option.scala:146) ~[scala-library-2.11.5.jar:na]
	at play.api.mvc.Action$$anonfun$apply$1.apply(Action.scala:128) ~[play_2.11-2.3.7.jar:2.3.7]
	at play.api.mvc.Action$$anonfun$apply$1.apply(Action.scala:121) ~[play_2.11-2.3.7.jar:2.3.7]
	at play.api.libs.iteratee.DoneIteratee$$anonfun$mapM$2.apply(Iteratee.scala:705) ~[play-iteratees_2.11-2.3.7.jar:2.3.7]
	at play.api.libs.iteratee.DoneIteratee$$anonfun$mapM$2.apply(Iteratee.scala:705) ~[play-iteratees_2.11-2.3.7.jar:2.3.7]
	at scala.concurrent.impl.Future$PromiseCompletingRunnable.liftedTree1$1(Future.scala:24) [scala-library-2.11.5.jar:na]
	at scala.concurrent.impl.Future$PromiseCompletingRunnable.run(Future.scala:24) [scala-library-2.11.5.jar:na]
	... 6 common frames omitted

2015-02-23 11:31:16,374 - [ERROR] - from application in play-akka.actor.default-dispatcher-16 


! @6l9od7oa7 - Internal server error, for (GET) [/employees] ->

play.api.Application$$anon$1: Execution exception[[ClassCastException: scala.None$ cannot be cast to com.mongodb.BasicDBObject]]
	at play.api.Application$class.handleError(Application.scala:296) ~[play_2.11-2.3.7.jar:2.3.7]
	at play.api.DefaultApplication.handleError(Application.scala:402) [play_2.11-2.3.7.jar:2.3.7]
	at play.core.server.netty.PlayDefaultUpstreamHandler$$anonfun$14$$anonfun$apply$1.applyOrElse(PlayDefaultUpstreamHandler.scala:205) [play_2.11-2.3.7.jar:2.3.7]
	at play.core.server.netty.PlayDefaultUpstreamHandler$$anonfun$14$$anonfun$apply$1.applyOrElse(PlayDefaultUpstreamHandler.scala:202) [play_2.11-2.3.7.jar:2.3.7]
	at scala.runtime.AbstractPartialFunction.apply(AbstractPartialFunction.scala:36) [scala-library-2.11.5.jar:na]
	at scala.util.Failure$$anonfun$recover$1.apply(Try.scala:215) [scala-library-2.11.5.jar:na]
	at scala.util.Try$.apply(Try.scala:191) [scala-library-2.11.5.jar:na]
	at scala.util.Failure.recover(Try.scala:215) [scala-library-2.11.5.jar:na]
	at scala.concurrent.Future$$anonfun$recover$1.apply(Future.scala:324) [scala-library-2.11.5.jar:na]
	at scala.concurrent.Future$$anonfun$recover$1.apply(Future.scala:324) [scala-library-2.11.5.jar:na]
	at scala.concurrent.impl.CallbackRunnable.run(Promise.scala:32) [scala-library-2.11.5.jar:na]
	at play.api.libs.iteratee.Execution$trampoline$.execute(Execution.scala:46) [play-iteratees_2.11-2.3.7.jar:2.3.7]
	at scala.concurrent.impl.CallbackRunnable.executeWithValue(Promise.scala:40) [scala-library-2.11.5.jar:na]
	at scala.concurrent.impl.Promise$DefaultPromise.tryComplete(Promise.scala:248) [scala-library-2.11.5.jar:na]
	at scala.concurrent.Promise$class.complete(Promise.scala:55) [scala-library-2.11.5.jar:na]
	at scala.concurrent.impl.Promise$DefaultPromise.complete(Promise.scala:153) [scala-library-2.11.5.jar:na]
	at scala.concurrent.impl.Future$PromiseCompletingRunnable.run(Future.scala:23) [scala-library-2.11.5.jar:na]
	at akka.dispatch.TaskInvocation.run(AbstractDispatcher.scala:41) [akka-actor_2.11-2.3.4.jar:na]
	at akka.dispatch.ForkJoinExecutorConfigurator$AkkaForkJoinTask.exec(AbstractDispatcher.scala:393) [akka-actor_2.11-2.3.4.jar:na]
	at scala.concurrent.forkjoin.ForkJoinTask.doExec(ForkJoinTask.java:260) [scala-library-2.11.5.jar:na]
	at scala.concurrent.forkjoin.ForkJoinPool$WorkQueue.runTask(ForkJoinPool.java:1339) [scala-library-2.11.5.jar:na]
	at scala.concurrent.forkjoin.ForkJoinPool.runWorker(ForkJoinPool.java:1979) [scala-library-2.11.5.jar:na]
	at scala.concurrent.forkjoin.ForkJoinWorkerThread.run(ForkJoinWorkerThread.java:107) [scala-library-2.11.5.jar:na]
Caused by: java.lang.ClassCastException: scala.None$ cannot be cast to com.mongodb.BasicDBObject
	at com.mongodb.casbah.commons.Castable$class.castToOption(Castable.scala:72) ~[casbah-commons_2.11-2.8.0.jar:2.8.0]
	at com.mongodb.casbah.commons.MongoDBObject.castToOption(MongoDBObject.scala:46) ~[casbah-commons_2.11-2.8.0.jar:2.8.0]
	at com.mongodb.casbah.commons.MongoDBObject.as(MongoDBObject.scala:74) ~[casbah-commons_2.11-2.8.0.jar:2.8.0]
	at com.adform.lab.converters.EmployeeConverter$.fromBson(EmployeeConverter.scala:32) ~[classes/:na]
	at com.adform.lab.repositories.EmployeeRepositoryComponentImpl$EmployeeRepositoryImpl$$anonfun$find$1.apply(EmployeeRepositoryComponentImpl.scala:34) ~[classes/:na]
	at com.adform.lab.repositories.EmployeeRepositoryComponentImpl$EmployeeRepositoryImpl$$anonfun$find$1.apply(EmployeeRepositoryComponentImpl.scala:34) ~[classes/:na]
	at scala.collection.Iterator$$anon$11.next(Iterator.scala:370) ~[scala-library-2.11.5.jar:na]
	at scala.collection.Iterator$class.foreach(Iterator.scala:750) ~[scala-library-2.11.5.jar:na]
	at scala.collection.AbstractIterator.foreach(Iterator.scala:1202) ~[scala-library-2.11.5.jar:na]
	at scala.collection.generic.Growable$class.$plus$plus$eq(Growable.scala:59) ~[scala-library-2.11.5.jar:na]
	at scala.collection.mutable.ListBuffer.$plus$plus$eq(ListBuffer.scala:183) ~[scala-library-2.11.5.jar:na]
	at scala.collection.mutable.ListBuffer.$plus$plus$eq(ListBuffer.scala:45) ~[scala-library-2.11.5.jar:na]
	at scala.collection.TraversableOnce$class.to(TraversableOnce.scala:295) ~[scala-library-2.11.5.jar:na]
	at scala.collection.AbstractIterator.to(Iterator.scala:1202) ~[scala-library-2.11.5.jar:na]
	at scala.collection.TraversableOnce$class.toList(TraversableOnce.scala:279) ~[scala-library-2.11.5.jar:na]
	at scala.collection.AbstractIterator.toList(Iterator.scala:1202) ~[scala-library-2.11.5.jar:na]
	at com.adform.lab.repositories.EmployeeRepositoryComponentImpl$EmployeeRepositoryImpl.find(EmployeeRepositoryComponentImpl.scala:34) ~[classes/:na]
	at com.adform.lab.services.EmployeeServiceComponentImpl$EmployeeServiceImpl.getAllEmployees(EmployeeServiceComponentImpl.scala:37) ~[classes/:na]
	at com.adform.lab.controllers.EmployeeController$$anonfun$findEmployeeByParams$1$$anonfun$apply$9$$anonfun$apply$10.apply(EmployeeController.scala:77) ~[classes/:na]
	at com.adform.lab.controllers.EmployeeController$$anonfun$findEmployeeByParams$1$$anonfun$apply$9$$anonfun$apply$10.apply(EmployeeController.scala:75) ~[classes/:na]
	at com.adform.lab.controllers.Secured$$anonfun$WithAuthentication$1.apply(Secured.scala:27) ~[classes/:na]
	at com.adform.lab.controllers.Secured$$anonfun$WithAuthentication$1.apply(Secured.scala:25) ~[classes/:na]
	at play.api.mvc.ActionBuilder$$anonfun$apply$16.apply(Action.scala:433) ~[play_2.11-2.3.7.jar:2.3.7]
	at play.api.mvc.ActionBuilder$$anonfun$apply$16.apply(Action.scala:432) ~[play_2.11-2.3.7.jar:2.3.7]
	at play.api.mvc.Action$.invokeBlock(Action.scala:556) ~[play_2.11-2.3.7.jar:2.3.7]
	at play.api.mvc.Action$.invokeBlock(Action.scala:555) ~[play_2.11-2.3.7.jar:2.3.7]
	at play.api.mvc.ActionBuilder$$anon$1.apply(Action.scala:518) ~[play_2.11-2.3.7.jar:2.3.7]
	at play.api.mvc.Action$$anonfun$apply$1$$anonfun$apply$4$$anonfun$apply$5.apply(Action.scala:130) ~[play_2.11-2.3.7.jar:2.3.7]
	at play.api.mvc.Action$$anonfun$apply$1$$anonfun$apply$4$$anonfun$apply$5.apply(Action.scala:130) ~[play_2.11-2.3.7.jar:2.3.7]
	at play.utils.Threads$.withContextClassLoader(Threads.scala:21) ~[play_2.11-2.3.7.jar:2.3.7]
	at play.api.mvc.Action$$anonfun$apply$1$$anonfun$apply$4.apply(Action.scala:129) ~[play_2.11-2.3.7.jar:2.3.7]
	at play.api.mvc.Action$$anonfun$apply$1$$anonfun$apply$4.apply(Action.scala:128) ~[play_2.11-2.3.7.jar:2.3.7]
	at scala.Option.map(Option.scala:146) ~[scala-library-2.11.5.jar:na]
	at play.api.mvc.Action$$anonfun$apply$1.apply(Action.scala:128) ~[play_2.11-2.3.7.jar:2.3.7]
	at play.api.mvc.Action$$anonfun$apply$1.apply(Action.scala:121) ~[play_2.11-2.3.7.jar:2.3.7]
	at play.api.libs.iteratee.DoneIteratee$$anonfun$mapM$2.apply(Iteratee.scala:705) ~[play-iteratees_2.11-2.3.7.jar:2.3.7]
	at play.api.libs.iteratee.DoneIteratee$$anonfun$mapM$2.apply(Iteratee.scala:705) ~[play-iteratees_2.11-2.3.7.jar:2.3.7]
	at scala.concurrent.impl.Future$PromiseCompletingRunnable.liftedTree1$1(Future.scala:24) [scala-library-2.11.5.jar:na]
	at scala.concurrent.impl.Future$PromiseCompletingRunnable.run(Future.scala:24) [scala-library-2.11.5.jar:na]
	... 6 common frames omitted

2015-02-23 11:31:31,078 - [ERROR] - from application in play-akka.actor.default-dispatcher-23 


! @6l9od8k3m - Internal server error, for (GET) [/employees] ->

play.api.Application$$anon$1: Execution exception[[ClassCastException: scala.None$ cannot be cast to com.mongodb.BasicDBObject]]
	at play.api.Application$class.handleError(Application.scala:296) ~[play_2.11-2.3.7.jar:2.3.7]
	at play.api.DefaultApplication.handleError(Application.scala:402) [play_2.11-2.3.7.jar:2.3.7]
	at play.core.server.netty.PlayDefaultUpstreamHandler$$anonfun$14$$anonfun$apply$1.applyOrElse(PlayDefaultUpstreamHandler.scala:205) [play_2.11-2.3.7.jar:2.3.7]
	at play.core.server.netty.PlayDefaultUpstreamHandler$$anonfun$14$$anonfun$apply$1.applyOrElse(PlayDefaultUpstreamHandler.scala:202) [play_2.11-2.3.7.jar:2.3.7]
	at scala.runtime.AbstractPartialFunction.apply(AbstractPartialFunction.scala:36) [scala-library-2.11.5.jar:na]
	at scala.util.Failure$$anonfun$recover$1.apply(Try.scala:215) [scala-library-2.11.5.jar:na]
	at scala.util.Try$.apply(Try.scala:191) [scala-library-2.11.5.jar:na]
	at scala.util.Failure.recover(Try.scala:215) [scala-library-2.11.5.jar:na]
	at scala.concurrent.Future$$anonfun$recover$1.apply(Future.scala:324) [scala-library-2.11.5.jar:na]
	at scala.concurrent.Future$$anonfun$recover$1.apply(Future.scala:324) [scala-library-2.11.5.jar:na]
	at scala.concurrent.impl.CallbackRunnable.run(Promise.scala:32) [scala-library-2.11.5.jar:na]
	at play.api.libs.iteratee.Execution$trampoline$.execute(Execution.scala:46) [play-iteratees_2.11-2.3.7.jar:2.3.7]
	at scala.concurrent.impl.CallbackRunnable.executeWithValue(Promise.scala:40) [scala-library-2.11.5.jar:na]
	at scala.concurrent.impl.Promise$DefaultPromise.tryComplete(Promise.scala:248) [scala-library-2.11.5.jar:na]
	at scala.concurrent.Promise$class.complete(Promise.scala:55) [scala-library-2.11.5.jar:na]
	at scala.concurrent.impl.Promise$DefaultPromise.complete(Promise.scala:153) [scala-library-2.11.5.jar:na]
	at scala.concurrent.impl.Future$PromiseCompletingRunnable.run(Future.scala:23) [scala-library-2.11.5.jar:na]
	at akka.dispatch.TaskInvocation.run(AbstractDispatcher.scala:41) [akka-actor_2.11-2.3.4.jar:na]
	at akka.dispatch.ForkJoinExecutorConfigurator$AkkaForkJoinTask.exec(AbstractDispatcher.scala:393) [akka-actor_2.11-2.3.4.jar:na]
	at scala.concurrent.forkjoin.ForkJoinTask.doExec(ForkJoinTask.java:260) [scala-library-2.11.5.jar:na]
	at scala.concurrent.forkjoin.ForkJoinPool$WorkQueue.runTask(ForkJoinPool.java:1339) [scala-library-2.11.5.jar:na]
	at scala.concurrent.forkjoin.ForkJoinPool.runWorker(ForkJoinPool.java:1979) [scala-library-2.11.5.jar:na]
	at scala.concurrent.forkjoin.ForkJoinWorkerThread.run(ForkJoinWorkerThread.java:107) [scala-library-2.11.5.jar:na]
Caused by: java.lang.ClassCastException: scala.None$ cannot be cast to com.mongodb.BasicDBObject
	at com.mongodb.casbah.commons.Castable$class.castToOption(Castable.scala:72) ~[casbah-commons_2.11-2.8.0.jar:2.8.0]
	at com.mongodb.casbah.commons.MongoDBObject.castToOption(MongoDBObject.scala:46) ~[casbah-commons_2.11-2.8.0.jar:2.8.0]
	at com.mongodb.casbah.commons.MongoDBObject.as(MongoDBObject.scala:74) ~[casbah-commons_2.11-2.8.0.jar:2.8.0]
	at com.adform.lab.converters.EmployeeConverter$.fromBson(EmployeeConverter.scala:32) ~[classes/:na]
	at com.adform.lab.repositories.EmployeeRepositoryComponentImpl$EmployeeRepositoryImpl$$anonfun$find$1.apply(EmployeeRepositoryComponentImpl.scala:34) ~[classes/:na]
	at com.adform.lab.repositories.EmployeeRepositoryComponentImpl$EmployeeRepositoryImpl$$anonfun$find$1.apply(EmployeeRepositoryComponentImpl.scala:34) ~[classes/:na]
	at scala.collection.Iterator$$anon$11.next(Iterator.scala:370) ~[scala-library-2.11.5.jar:na]
	at scala.collection.Iterator$class.foreach(Iterator.scala:750) ~[scala-library-2.11.5.jar:na]
	at scala.collection.AbstractIterator.foreach(Iterator.scala:1202) ~[scala-library-2.11.5.jar:na]
	at scala.collection.generic.Growable$class.$plus$plus$eq(Growable.scala:59) ~[scala-library-2.11.5.jar:na]
	at scala.collection.mutable.ListBuffer.$plus$plus$eq(ListBuffer.scala:183) ~[scala-library-2.11.5.jar:na]
	at scala.collection.mutable.ListBuffer.$plus$plus$eq(ListBuffer.scala:45) ~[scala-library-2.11.5.jar:na]
	at scala.collection.TraversableOnce$class.to(TraversableOnce.scala:295) ~[scala-library-2.11.5.jar:na]
	at scala.collection.AbstractIterator.to(Iterator.scala:1202) ~[scala-library-2.11.5.jar:na]
	at scala.collection.TraversableOnce$class.toList(TraversableOnce.scala:279) ~[scala-library-2.11.5.jar:na]
	at scala.collection.AbstractIterator.toList(Iterator.scala:1202) ~[scala-library-2.11.5.jar:na]
	at com.adform.lab.repositories.EmployeeRepositoryComponentImpl$EmployeeRepositoryImpl.find(EmployeeRepositoryComponentImpl.scala:34) ~[classes/:na]
	at com.adform.lab.services.EmployeeServiceComponentImpl$EmployeeServiceImpl.getAllEmployees(EmployeeServiceComponentImpl.scala:37) ~[classes/:na]
	at com.adform.lab.controllers.EmployeeController$$anonfun$findEmployeeByParams$1$$anonfun$apply$9$$anonfun$apply$10.apply(EmployeeController.scala:77) ~[classes/:na]
	at com.adform.lab.controllers.EmployeeController$$anonfun$findEmployeeByParams$1$$anonfun$apply$9$$anonfun$apply$10.apply(EmployeeController.scala:75) ~[classes/:na]
	at com.adform.lab.controllers.Secured$$anonfun$WithAuthentication$1.apply(Secured.scala:27) ~[classes/:na]
	at com.adform.lab.controllers.Secured$$anonfun$WithAuthentication$1.apply(Secured.scala:25) ~[classes/:na]
	at play.api.mvc.ActionBuilder$$anonfun$apply$16.apply(Action.scala:433) ~[play_2.11-2.3.7.jar:2.3.7]
	at play.api.mvc.ActionBuilder$$anonfun$apply$16.apply(Action.scala:432) ~[play_2.11-2.3.7.jar:2.3.7]
	at play.api.mvc.Action$.invokeBlock(Action.scala:556) ~[play_2.11-2.3.7.jar:2.3.7]
	at play.api.mvc.Action$.invokeBlock(Action.scala:555) ~[play_2.11-2.3.7.jar:2.3.7]
	at play.api.mvc.ActionBuilder$$anon$1.apply(Action.scala:518) ~[play_2.11-2.3.7.jar:2.3.7]
	at play.api.mvc.Action$$anonfun$apply$1$$anonfun$apply$4$$anonfun$apply$5.apply(Action.scala:130) ~[play_2.11-2.3.7.jar:2.3.7]
	at play.api.mvc.Action$$anonfun$apply$1$$anonfun$apply$4$$anonfun$apply$5.apply(Action.scala:130) ~[play_2.11-2.3.7.jar:2.3.7]
	at play.utils.Threads$.withContextClassLoader(Threads.scala:21) ~[play_2.11-2.3.7.jar:2.3.7]
	at play.api.mvc.Action$$anonfun$apply$1$$anonfun$apply$4.apply(Action.scala:129) ~[play_2.11-2.3.7.jar:2.3.7]
	at play.api.mvc.Action$$anonfun$apply$1$$anonfun$apply$4.apply(Action.scala:128) ~[play_2.11-2.3.7.jar:2.3.7]
	at scala.Option.map(Option.scala:146) ~[scala-library-2.11.5.jar:na]
	at play.api.mvc.Action$$anonfun$apply$1.apply(Action.scala:128) ~[play_2.11-2.3.7.jar:2.3.7]
	at play.api.mvc.Action$$anonfun$apply$1.apply(Action.scala:121) ~[play_2.11-2.3.7.jar:2.3.7]
	at play.api.libs.iteratee.DoneIteratee$$anonfun$mapM$2.apply(Iteratee.scala:705) ~[play-iteratees_2.11-2.3.7.jar:2.3.7]
	at play.api.libs.iteratee.DoneIteratee$$anonfun$mapM$2.apply(Iteratee.scala:705) ~[play-iteratees_2.11-2.3.7.jar:2.3.7]
	at scala.concurrent.impl.Future$PromiseCompletingRunnable.liftedTree1$1(Future.scala:24) [scala-library-2.11.5.jar:na]
	at scala.concurrent.impl.Future$PromiseCompletingRunnable.run(Future.scala:24) [scala-library-2.11.5.jar:na]
	... 6 common frames omitted

2015-02-23 11:31:31,096 - [ERROR] - from application in play-akka.actor.default-dispatcher-23 


! @6l9od8k4f - Internal server error, for (GET) [/employees] ->

play.api.Application$$anon$1: Execution exception[[ClassCastException: scala.None$ cannot be cast to com.mongodb.BasicDBObject]]
	at play.api.Application$class.handleError(Application.scala:296) ~[play_2.11-2.3.7.jar:2.3.7]
	at play.api.DefaultApplication.handleError(Application.scala:402) [play_2.11-2.3.7.jar:2.3.7]
	at play.core.server.netty.PlayDefaultUpstreamHandler$$anonfun$14$$anonfun$apply$1.applyOrElse(PlayDefaultUpstreamHandler.scala:205) [play_2.11-2.3.7.jar:2.3.7]
	at play.core.server.netty.PlayDefaultUpstreamHandler$$anonfun$14$$anonfun$apply$1.applyOrElse(PlayDefaultUpstreamHandler.scala:202) [play_2.11-2.3.7.jar:2.3.7]
	at scala.runtime.AbstractPartialFunction.apply(AbstractPartialFunction.scala:36) [scala-library-2.11.5.jar:na]
	at scala.util.Failure$$anonfun$recover$1.apply(Try.scala:215) [scala-library-2.11.5.jar:na]
	at scala.util.Try$.apply(Try.scala:191) [scala-library-2.11.5.jar:na]
	at scala.util.Failure.recover(Try.scala:215) [scala-library-2.11.5.jar:na]
	at scala.concurrent.Future$$anonfun$recover$1.apply(Future.scala:324) [scala-library-2.11.5.jar:na]
	at scala.concurrent.Future$$anonfun$recover$1.apply(Future.scala:324) [scala-library-2.11.5.jar:na]
	at scala.concurrent.impl.CallbackRunnable.run(Promise.scala:32) [scala-library-2.11.5.jar:na]
	at play.api.libs.iteratee.Execution$trampoline$.execute(Execution.scala:46) [play-iteratees_2.11-2.3.7.jar:2.3.7]
	at scala.concurrent.impl.CallbackRunnable.executeWithValue(Promise.scala:40) [scala-library-2.11.5.jar:na]
	at scala.concurrent.impl.Promise$DefaultPromise.tryComplete(Promise.scala:248) [scala-library-2.11.5.jar:na]
	at scala.concurrent.Promise$class.complete(Promise.scala:55) [scala-library-2.11.5.jar:na]
	at scala.concurrent.impl.Promise$DefaultPromise.complete(Promise.scala:153) [scala-library-2.11.5.jar:na]
	at scala.concurrent.impl.Future$PromiseCompletingRunnable.run(Future.scala:23) [scala-library-2.11.5.jar:na]
	at akka.dispatch.TaskInvocation.run(AbstractDispatcher.scala:41) [akka-actor_2.11-2.3.4.jar:na]
	at akka.dispatch.ForkJoinExecutorConfigurator$AkkaForkJoinTask.exec(AbstractDispatcher.scala:393) [akka-actor_2.11-2.3.4.jar:na]
	at scala.concurrent.forkjoin.ForkJoinTask.doExec(ForkJoinTask.java:260) [scala-library-2.11.5.jar:na]
	at scala.concurrent.forkjoin.ForkJoinPool$WorkQueue.runTask(ForkJoinPool.java:1339) [scala-library-2.11.5.jar:na]
	at scala.concurrent.forkjoin.ForkJoinPool.runWorker(ForkJoinPool.java:1979) [scala-library-2.11.5.jar:na]
	at scala.concurrent.forkjoin.ForkJoinWorkerThread.run(ForkJoinWorkerThread.java:107) [scala-library-2.11.5.jar:na]
Caused by: java.lang.ClassCastException: scala.None$ cannot be cast to com.mongodb.BasicDBObject
	at com.mongodb.casbah.commons.Castable$class.castToOption(Castable.scala:72) ~[casbah-commons_2.11-2.8.0.jar:2.8.0]
	at com.mongodb.casbah.commons.MongoDBObject.castToOption(MongoDBObject.scala:46) ~[casbah-commons_2.11-2.8.0.jar:2.8.0]
	at com.mongodb.casbah.commons.MongoDBObject.as(MongoDBObject.scala:74) ~[casbah-commons_2.11-2.8.0.jar:2.8.0]
	at com.adform.lab.converters.EmployeeConverter$.fromBson(EmployeeConverter.scala:32) ~[classes/:na]
	at com.adform.lab.repositories.EmployeeRepositoryComponentImpl$EmployeeRepositoryImpl$$anonfun$find$1.apply(EmployeeRepositoryComponentImpl.scala:34) ~[classes/:na]
	at com.adform.lab.repositories.EmployeeRepositoryComponentImpl$EmployeeRepositoryImpl$$anonfun$find$1.apply(EmployeeRepositoryComponentImpl.scala:34) ~[classes/:na]
	at scala.collection.Iterator$$anon$11.next(Iterator.scala:370) ~[scala-library-2.11.5.jar:na]
	at scala.collection.Iterator$class.foreach(Iterator.scala:750) ~[scala-library-2.11.5.jar:na]
	at scala.collection.AbstractIterator.foreach(Iterator.scala:1202) ~[scala-library-2.11.5.jar:na]
	at scala.collection.generic.Growable$class.$plus$plus$eq(Growable.scala:59) ~[scala-library-2.11.5.jar:na]
	at scala.collection.mutable.ListBuffer.$plus$plus$eq(ListBuffer.scala:183) ~[scala-library-2.11.5.jar:na]
	at scala.collection.mutable.ListBuffer.$plus$plus$eq(ListBuffer.scala:45) ~[scala-library-2.11.5.jar:na]
	at scala.collection.TraversableOnce$class.to(TraversableOnce.scala:295) ~[scala-library-2.11.5.jar:na]
	at scala.collection.AbstractIterator.to(Iterator.scala:1202) ~[scala-library-2.11.5.jar:na]
	at scala.collection.TraversableOnce$class.toList(TraversableOnce.scala:279) ~[scala-library-2.11.5.jar:na]
	at scala.collection.AbstractIterator.toList(Iterator.scala:1202) ~[scala-library-2.11.5.jar:na]
	at com.adform.lab.repositories.EmployeeRepositoryComponentImpl$EmployeeRepositoryImpl.find(EmployeeRepositoryComponentImpl.scala:34) ~[classes/:na]
	at com.adform.lab.services.EmployeeServiceComponentImpl$EmployeeServiceImpl.getAllEmployees(EmployeeServiceComponentImpl.scala:37) ~[classes/:na]
	at com.adform.lab.controllers.EmployeeController$$anonfun$findEmployeeByParams$1$$anonfun$apply$9$$anonfun$apply$10.apply(EmployeeController.scala:77) ~[classes/:na]
	at com.adform.lab.controllers.EmployeeController$$anonfun$findEmployeeByParams$1$$anonfun$apply$9$$anonfun$apply$10.apply(EmployeeController.scala:75) ~[classes/:na]
	at com.adform.lab.controllers.Secured$$anonfun$WithAuthentication$1.apply(Secured.scala:27) ~[classes/:na]
	at com.adform.lab.controllers.Secured$$anonfun$WithAuthentication$1.apply(Secured.scala:25) ~[classes/:na]
	at play.api.mvc.ActionBuilder$$anonfun$apply$16.apply(Action.scala:433) ~[play_2.11-2.3.7.jar:2.3.7]
	at play.api.mvc.ActionBuilder$$anonfun$apply$16.apply(Action.scala:432) ~[play_2.11-2.3.7.jar:2.3.7]
	at play.api.mvc.Action$.invokeBlock(Action.scala:556) ~[play_2.11-2.3.7.jar:2.3.7]
	at play.api.mvc.Action$.invokeBlock(Action.scala:555) ~[play_2.11-2.3.7.jar:2.3.7]
	at play.api.mvc.ActionBuilder$$anon$1.apply(Action.scala:518) ~[play_2.11-2.3.7.jar:2.3.7]
	at play.api.mvc.Action$$anonfun$apply$1$$anonfun$apply$4$$anonfun$apply$5.apply(Action.scala:130) ~[play_2.11-2.3.7.jar:2.3.7]
	at play.api.mvc.Action$$anonfun$apply$1$$anonfun$apply$4$$anonfun$apply$5.apply(Action.scala:130) ~[play_2.11-2.3.7.jar:2.3.7]
	at play.utils.Threads$.withContextClassLoader(Threads.scala:21) ~[play_2.11-2.3.7.jar:2.3.7]
	at play.api.mvc.Action$$anonfun$apply$1$$anonfun$apply$4.apply(Action.scala:129) ~[play_2.11-2.3.7.jar:2.3.7]
	at play.api.mvc.Action$$anonfun$apply$1$$anonfun$apply$4.apply(Action.scala:128) ~[play_2.11-2.3.7.jar:2.3.7]
	at scala.Option.map(Option.scala:146) ~[scala-library-2.11.5.jar:na]
	at play.api.mvc.Action$$anonfun$apply$1.apply(Action.scala:128) ~[play_2.11-2.3.7.jar:2.3.7]
	at play.api.mvc.Action$$anonfun$apply$1.apply(Action.scala:121) ~[play_2.11-2.3.7.jar:2.3.7]
	at play.api.libs.iteratee.DoneIteratee$$anonfun$mapM$2.apply(Iteratee.scala:705) ~[play-iteratees_2.11-2.3.7.jar:2.3.7]
	at play.api.libs.iteratee.DoneIteratee$$anonfun$mapM$2.apply(Iteratee.scala:705) ~[play-iteratees_2.11-2.3.7.jar:2.3.7]
	at scala.concurrent.impl.Future$PromiseCompletingRunnable.liftedTree1$1(Future.scala:24) [scala-library-2.11.5.jar:na]
	at scala.concurrent.impl.Future$PromiseCompletingRunnable.run(Future.scala:24) [scala-library-2.11.5.jar:na]
	... 6 common frames omitted

2015-02-23 11:33:33,034 - [ERROR] - from application in play-akka.actor.default-dispatcher-25 


! @6l9odfieb - Internal server error, for (GET) [/employees] ->

play.api.Application$$anon$1: Execution exception[[ClassCastException: scala.None$ cannot be cast to com.mongodb.BasicDBObject]]
	at play.api.Application$class.handleError(Application.scala:296) ~[play_2.11-2.3.7.jar:2.3.7]
	at play.api.DefaultApplication.handleError(Application.scala:402) [play_2.11-2.3.7.jar:2.3.7]
	at play.core.server.netty.PlayDefaultUpstreamHandler$$anonfun$14$$anonfun$apply$1.applyOrElse(PlayDefaultUpstreamHandler.scala:205) [play_2.11-2.3.7.jar:2.3.7]
	at play.core.server.netty.PlayDefaultUpstreamHandler$$anonfun$14$$anonfun$apply$1.applyOrElse(PlayDefaultUpstreamHandler.scala:202) [play_2.11-2.3.7.jar:2.3.7]
	at scala.runtime.AbstractPartialFunction.apply(AbstractPartialFunction.scala:36) [scala-library-2.11.5.jar:na]
	at scala.util.Failure$$anonfun$recover$1.apply(Try.scala:215) [scala-library-2.11.5.jar:na]
	at scala.util.Try$.apply(Try.scala:191) [scala-library-2.11.5.jar:na]
	at scala.util.Failure.recover(Try.scala:215) [scala-library-2.11.5.jar:na]
	at scala.concurrent.Future$$anonfun$recover$1.apply(Future.scala:324) [scala-library-2.11.5.jar:na]
	at scala.concurrent.Future$$anonfun$recover$1.apply(Future.scala:324) [scala-library-2.11.5.jar:na]
	at scala.concurrent.impl.CallbackRunnable.run(Promise.scala:32) [scala-library-2.11.5.jar:na]
	at play.api.libs.iteratee.Execution$trampoline$.execute(Execution.scala:46) [play-iteratees_2.11-2.3.7.jar:2.3.7]
	at scala.concurrent.impl.CallbackRunnable.executeWithValue(Promise.scala:40) [scala-library-2.11.5.jar:na]
	at scala.concurrent.impl.Promise$DefaultPromise.tryComplete(Promise.scala:248) [scala-library-2.11.5.jar:na]
	at scala.concurrent.Promise$class.complete(Promise.scala:55) [scala-library-2.11.5.jar:na]
	at scala.concurrent.impl.Promise$DefaultPromise.complete(Promise.scala:153) [scala-library-2.11.5.jar:na]
	at scala.concurrent.impl.Future$PromiseCompletingRunnable.run(Future.scala:23) [scala-library-2.11.5.jar:na]
	at akka.dispatch.TaskInvocation.run(AbstractDispatcher.scala:41) [akka-actor_2.11-2.3.4.jar:na]
	at akka.dispatch.ForkJoinExecutorConfigurator$AkkaForkJoinTask.exec(AbstractDispatcher.scala:393) [akka-actor_2.11-2.3.4.jar:na]
	at scala.concurrent.forkjoin.ForkJoinTask.doExec(ForkJoinTask.java:260) [scala-library-2.11.5.jar:na]
	at scala.concurrent.forkjoin.ForkJoinPool$WorkQueue.runTask(ForkJoinPool.java:1339) [scala-library-2.11.5.jar:na]
	at scala.concurrent.forkjoin.ForkJoinPool.runWorker(ForkJoinPool.java:1979) [scala-library-2.11.5.jar:na]
	at scala.concurrent.forkjoin.ForkJoinWorkerThread.run(ForkJoinWorkerThread.java:107) [scala-library-2.11.5.jar:na]
Caused by: java.lang.ClassCastException: scala.None$ cannot be cast to com.mongodb.BasicDBObject
	at com.mongodb.casbah.commons.Castable$class.castToOption(Castable.scala:72) ~[casbah-commons_2.11-2.8.0.jar:2.8.0]
	at com.mongodb.casbah.commons.MongoDBObject.castToOption(MongoDBObject.scala:46) ~[casbah-commons_2.11-2.8.0.jar:2.8.0]
	at com.mongodb.casbah.commons.MongoDBObject.as(MongoDBObject.scala:74) ~[casbah-commons_2.11-2.8.0.jar:2.8.0]
	at com.adform.lab.converters.EmployeeConverter$.fromBson(EmployeeConverter.scala:32) ~[classes/:na]
	at com.adform.lab.repositories.EmployeeRepositoryComponentImpl$EmployeeRepositoryImpl$$anonfun$find$1.apply(EmployeeRepositoryComponentImpl.scala:34) ~[classes/:na]
	at com.adform.lab.repositories.EmployeeRepositoryComponentImpl$EmployeeRepositoryImpl$$anonfun$find$1.apply(EmployeeRepositoryComponentImpl.scala:34) ~[classes/:na]
	at scala.collection.Iterator$$anon$11.next(Iterator.scala:370) ~[scala-library-2.11.5.jar:na]
	at scala.collection.Iterator$class.foreach(Iterator.scala:750) ~[scala-library-2.11.5.jar:na]
	at scala.collection.AbstractIterator.foreach(Iterator.scala:1202) ~[scala-library-2.11.5.jar:na]
	at scala.collection.generic.Growable$class.$plus$plus$eq(Growable.scala:59) ~[scala-library-2.11.5.jar:na]
	at scala.collection.mutable.ListBuffer.$plus$plus$eq(ListBuffer.scala:183) ~[scala-library-2.11.5.jar:na]
	at scala.collection.mutable.ListBuffer.$plus$plus$eq(ListBuffer.scala:45) ~[scala-library-2.11.5.jar:na]
	at scala.collection.TraversableOnce$class.to(TraversableOnce.scala:295) ~[scala-library-2.11.5.jar:na]
	at scala.collection.AbstractIterator.to(Iterator.scala:1202) ~[scala-library-2.11.5.jar:na]
	at scala.collection.TraversableOnce$class.toList(TraversableOnce.scala:279) ~[scala-library-2.11.5.jar:na]
	at scala.collection.AbstractIterator.toList(Iterator.scala:1202) ~[scala-library-2.11.5.jar:na]
	at com.adform.lab.repositories.EmployeeRepositoryComponentImpl$EmployeeRepositoryImpl.find(EmployeeRepositoryComponentImpl.scala:34) ~[classes/:na]
	at com.adform.lab.services.EmployeeServiceComponentImpl$EmployeeServiceImpl.getAllEmployees(EmployeeServiceComponentImpl.scala:37) ~[classes/:na]
	at com.adform.lab.controllers.EmployeeController$$anonfun$findEmployeeByParams$1$$anonfun$apply$9$$anonfun$apply$10.apply(EmployeeController.scala:77) ~[classes/:na]
	at com.adform.lab.controllers.EmployeeController$$anonfun$findEmployeeByParams$1$$anonfun$apply$9$$anonfun$apply$10.apply(EmployeeController.scala:75) ~[classes/:na]
	at com.adform.lab.controllers.Secured$$anonfun$WithAuthentication$1.apply(Secured.scala:27) ~[classes/:na]
	at com.adform.lab.controllers.Secured$$anonfun$WithAuthentication$1.apply(Secured.scala:25) ~[classes/:na]
	at play.api.mvc.ActionBuilder$$anonfun$apply$16.apply(Action.scala:433) ~[play_2.11-2.3.7.jar:2.3.7]
	at play.api.mvc.ActionBuilder$$anonfun$apply$16.apply(Action.scala:432) ~[play_2.11-2.3.7.jar:2.3.7]
	at play.api.mvc.Action$.invokeBlock(Action.scala:556) ~[play_2.11-2.3.7.jar:2.3.7]
	at play.api.mvc.Action$.invokeBlock(Action.scala:555) ~[play_2.11-2.3.7.jar:2.3.7]
	at play.api.mvc.ActionBuilder$$anon$1.apply(Action.scala:518) ~[play_2.11-2.3.7.jar:2.3.7]
	at play.api.mvc.Action$$anonfun$apply$1$$anonfun$apply$4$$anonfun$apply$5.apply(Action.scala:130) ~[play_2.11-2.3.7.jar:2.3.7]
	at play.api.mvc.Action$$anonfun$apply$1$$anonfun$apply$4$$anonfun$apply$5.apply(Action.scala:130) ~[play_2.11-2.3.7.jar:2.3.7]
	at play.utils.Threads$.withContextClassLoader(Threads.scala:21) ~[play_2.11-2.3.7.jar:2.3.7]
	at play.api.mvc.Action$$anonfun$apply$1$$anonfun$apply$4.apply(Action.scala:129) ~[play_2.11-2.3.7.jar:2.3.7]
	at play.api.mvc.Action$$anonfun$apply$1$$anonfun$apply$4.apply(Action.scala:128) ~[play_2.11-2.3.7.jar:2.3.7]
	at scala.Option.map(Option.scala:146) ~[scala-library-2.11.5.jar:na]
	at play.api.mvc.Action$$anonfun$apply$1.apply(Action.scala:128) ~[play_2.11-2.3.7.jar:2.3.7]
	at play.api.mvc.Action$$anonfun$apply$1.apply(Action.scala:121) ~[play_2.11-2.3.7.jar:2.3.7]
	at play.api.libs.iteratee.DoneIteratee$$anonfun$mapM$2.apply(Iteratee.scala:705) ~[play-iteratees_2.11-2.3.7.jar:2.3.7]
	at play.api.libs.iteratee.DoneIteratee$$anonfun$mapM$2.apply(Iteratee.scala:705) ~[play-iteratees_2.11-2.3.7.jar:2.3.7]
	at scala.concurrent.impl.Future$PromiseCompletingRunnable.liftedTree1$1(Future.scala:24) [scala-library-2.11.5.jar:na]
	at scala.concurrent.impl.Future$PromiseCompletingRunnable.run(Future.scala:24) [scala-library-2.11.5.jar:na]
	... 6 common frames omitted

2015-02-23 11:33:33,065 - [ERROR] - from application in play-akka.actor.default-dispatcher-25 


! @6l9odfifi - Internal server error, for (GET) [/employees] ->

play.api.Application$$anon$1: Execution exception[[ClassCastException: scala.None$ cannot be cast to com.mongodb.BasicDBObject]]
	at play.api.Application$class.handleError(Application.scala:296) ~[play_2.11-2.3.7.jar:2.3.7]
	at play.api.DefaultApplication.handleError(Application.scala:402) [play_2.11-2.3.7.jar:2.3.7]
	at play.core.server.netty.PlayDefaultUpstreamHandler$$anonfun$14$$anonfun$apply$1.applyOrElse(PlayDefaultUpstreamHandler.scala:205) [play_2.11-2.3.7.jar:2.3.7]
	at play.core.server.netty.PlayDefaultUpstreamHandler$$anonfun$14$$anonfun$apply$1.applyOrElse(PlayDefaultUpstreamHandler.scala:202) [play_2.11-2.3.7.jar:2.3.7]
	at scala.runtime.AbstractPartialFunction.apply(AbstractPartialFunction.scala:36) [scala-library-2.11.5.jar:na]
	at scala.util.Failure$$anonfun$recover$1.apply(Try.scala:215) [scala-library-2.11.5.jar:na]
	at scala.util.Try$.apply(Try.scala:191) [scala-library-2.11.5.jar:na]
	at scala.util.Failure.recover(Try.scala:215) [scala-library-2.11.5.jar:na]
	at scala.concurrent.Future$$anonfun$recover$1.apply(Future.scala:324) [scala-library-2.11.5.jar:na]
	at scala.concurrent.Future$$anonfun$recover$1.apply(Future.scala:324) [scala-library-2.11.5.jar:na]
	at scala.concurrent.impl.CallbackRunnable.run(Promise.scala:32) [scala-library-2.11.5.jar:na]
	at play.api.libs.iteratee.Execution$trampoline$.execute(Execution.scala:46) [play-iteratees_2.11-2.3.7.jar:2.3.7]
	at scala.concurrent.impl.CallbackRunnable.executeWithValue(Promise.scala:40) [scala-library-2.11.5.jar:na]
	at scala.concurrent.impl.Promise$DefaultPromise.tryComplete(Promise.scala:248) [scala-library-2.11.5.jar:na]
	at scala.concurrent.Promise$class.complete(Promise.scala:55) [scala-library-2.11.5.jar:na]
	at scala.concurrent.impl.Promise$DefaultPromise.complete(Promise.scala:153) [scala-library-2.11.5.jar:na]
	at scala.concurrent.impl.Future$PromiseCompletingRunnable.run(Future.scala:23) [scala-library-2.11.5.jar:na]
	at akka.dispatch.TaskInvocation.run(AbstractDispatcher.scala:41) [akka-actor_2.11-2.3.4.jar:na]
	at akka.dispatch.ForkJoinExecutorConfigurator$AkkaForkJoinTask.exec(AbstractDispatcher.scala:393) [akka-actor_2.11-2.3.4.jar:na]
	at scala.concurrent.forkjoin.ForkJoinTask.doExec(ForkJoinTask.java:260) [scala-library-2.11.5.jar:na]
	at scala.concurrent.forkjoin.ForkJoinPool$WorkQueue.runTask(ForkJoinPool.java:1339) [scala-library-2.11.5.jar:na]
	at scala.concurrent.forkjoin.ForkJoinPool.runWorker(ForkJoinPool.java:1979) [scala-library-2.11.5.jar:na]
	at scala.concurrent.forkjoin.ForkJoinWorkerThread.run(ForkJoinWorkerThread.java:107) [scala-library-2.11.5.jar:na]
Caused by: java.lang.ClassCastException: scala.None$ cannot be cast to com.mongodb.BasicDBObject
	at com.mongodb.casbah.commons.Castable$class.castToOption(Castable.scala:72) ~[casbah-commons_2.11-2.8.0.jar:2.8.0]
	at com.mongodb.casbah.commons.MongoDBObject.castToOption(MongoDBObject.scala:46) ~[casbah-commons_2.11-2.8.0.jar:2.8.0]
	at com.mongodb.casbah.commons.MongoDBObject.as(MongoDBObject.scala:74) ~[casbah-commons_2.11-2.8.0.jar:2.8.0]
	at com.adform.lab.converters.EmployeeConverter$.fromBson(EmployeeConverter.scala:32) ~[classes/:na]
	at com.adform.lab.repositories.EmployeeRepositoryComponentImpl$EmployeeRepositoryImpl$$anonfun$find$1.apply(EmployeeRepositoryComponentImpl.scala:34) ~[classes/:na]
	at com.adform.lab.repositories.EmployeeRepositoryComponentImpl$EmployeeRepositoryImpl$$anonfun$find$1.apply(EmployeeRepositoryComponentImpl.scala:34) ~[classes/:na]
	at scala.collection.Iterator$$anon$11.next(Iterator.scala:370) ~[scala-library-2.11.5.jar:na]
	at scala.collection.Iterator$class.foreach(Iterator.scala:750) ~[scala-library-2.11.5.jar:na]
	at scala.collection.AbstractIterator.foreach(Iterator.scala:1202) ~[scala-library-2.11.5.jar:na]
	at scala.collection.generic.Growable$class.$plus$plus$eq(Growable.scala:59) ~[scala-library-2.11.5.jar:na]
	at scala.collection.mutable.ListBuffer.$plus$plus$eq(ListBuffer.scala:183) ~[scala-library-2.11.5.jar:na]
	at scala.collection.mutable.ListBuffer.$plus$plus$eq(ListBuffer.scala:45) ~[scala-library-2.11.5.jar:na]
	at scala.collection.TraversableOnce$class.to(TraversableOnce.scala:295) ~[scala-library-2.11.5.jar:na]
	at scala.collection.AbstractIterator.to(Iterator.scala:1202) ~[scala-library-2.11.5.jar:na]
	at scala.collection.TraversableOnce$class.toList(TraversableOnce.scala:279) ~[scala-library-2.11.5.jar:na]
	at scala.collection.AbstractIterator.toList(Iterator.scala:1202) ~[scala-library-2.11.5.jar:na]
	at com.adform.lab.repositories.EmployeeRepositoryComponentImpl$EmployeeRepositoryImpl.find(EmployeeRepositoryComponentImpl.scala:34) ~[classes/:na]
	at com.adform.lab.services.EmployeeServiceComponentImpl$EmployeeServiceImpl.getAllEmployees(EmployeeServiceComponentImpl.scala:37) ~[classes/:na]
	at com.adform.lab.controllers.EmployeeController$$anonfun$findEmployeeByParams$1$$anonfun$apply$9$$anonfun$apply$10.apply(EmployeeController.scala:77) ~[classes/:na]
	at com.adform.lab.controllers.EmployeeController$$anonfun$findEmployeeByParams$1$$anonfun$apply$9$$anonfun$apply$10.apply(EmployeeController.scala:75) ~[classes/:na]
	at com.adform.lab.controllers.Secured$$anonfun$WithAuthentication$1.apply(Secured.scala:27) ~[classes/:na]
	at com.adform.lab.controllers.Secured$$anonfun$WithAuthentication$1.apply(Secured.scala:25) ~[classes/:na]
	at play.api.mvc.ActionBuilder$$anonfun$apply$16.apply(Action.scala:433) ~[play_2.11-2.3.7.jar:2.3.7]
	at play.api.mvc.ActionBuilder$$anonfun$apply$16.apply(Action.scala:432) ~[play_2.11-2.3.7.jar:2.3.7]
	at play.api.mvc.Action$.invokeBlock(Action.scala:556) ~[play_2.11-2.3.7.jar:2.3.7]
	at play.api.mvc.Action$.invokeBlock(Action.scala:555) ~[play_2.11-2.3.7.jar:2.3.7]
	at play.api.mvc.ActionBuilder$$anon$1.apply(Action.scala:518) ~[play_2.11-2.3.7.jar:2.3.7]
	at play.api.mvc.Action$$anonfun$apply$1$$anonfun$apply$4$$anonfun$apply$5.apply(Action.scala:130) ~[play_2.11-2.3.7.jar:2.3.7]
	at play.api.mvc.Action$$anonfun$apply$1$$anonfun$apply$4$$anonfun$apply$5.apply(Action.scala:130) ~[play_2.11-2.3.7.jar:2.3.7]
	at play.utils.Threads$.withContextClassLoader(Threads.scala:21) ~[play_2.11-2.3.7.jar:2.3.7]
	at play.api.mvc.Action$$anonfun$apply$1$$anonfun$apply$4.apply(Action.scala:129) ~[play_2.11-2.3.7.jar:2.3.7]
	at play.api.mvc.Action$$anonfun$apply$1$$anonfun$apply$4.apply(Action.scala:128) ~[play_2.11-2.3.7.jar:2.3.7]
	at scala.Option.map(Option.scala:146) ~[scala-library-2.11.5.jar:na]
	at play.api.mvc.Action$$anonfun$apply$1.apply(Action.scala:128) ~[play_2.11-2.3.7.jar:2.3.7]
	at play.api.mvc.Action$$anonfun$apply$1.apply(Action.scala:121) ~[play_2.11-2.3.7.jar:2.3.7]
	at play.api.libs.iteratee.DoneIteratee$$anonfun$mapM$2.apply(Iteratee.scala:705) ~[play-iteratees_2.11-2.3.7.jar:2.3.7]
	at play.api.libs.iteratee.DoneIteratee$$anonfun$mapM$2.apply(Iteratee.scala:705) ~[play-iteratees_2.11-2.3.7.jar:2.3.7]
	at scala.concurrent.impl.Future$PromiseCompletingRunnable.liftedTree1$1(Future.scala:24) [scala-library-2.11.5.jar:na]
	at scala.concurrent.impl.Future$PromiseCompletingRunnable.run(Future.scala:24) [scala-library-2.11.5.jar:na]
	... 6 common frames omitted

2015-02-23 11:34:15,791 - [ERROR] - from application in play-akka.actor.default-dispatcher-33 


! @6l9odi3k9 - Internal server error, for (GET) [/employees] ->

play.api.Application$$anon$1: Execution exception[[ClassCastException: scala.None$ cannot be cast to com.mongodb.BasicDBObject]]
	at play.api.Application$class.handleError(Application.scala:296) ~[play_2.11-2.3.7.jar:2.3.7]
	at play.api.DefaultApplication.handleError(Application.scala:402) [play_2.11-2.3.7.jar:2.3.7]
	at play.core.server.netty.PlayDefaultUpstreamHandler$$anonfun$14$$anonfun$apply$1.applyOrElse(PlayDefaultUpstreamHandler.scala:205) [play_2.11-2.3.7.jar:2.3.7]
	at play.core.server.netty.PlayDefaultUpstreamHandler$$anonfun$14$$anonfun$apply$1.applyOrElse(PlayDefaultUpstreamHandler.scala:202) [play_2.11-2.3.7.jar:2.3.7]
	at scala.runtime.AbstractPartialFunction.apply(AbstractPartialFunction.scala:36) [scala-library-2.11.5.jar:na]
	at scala.util.Failure$$anonfun$recover$1.apply(Try.scala:215) [scala-library-2.11.5.jar:na]
	at scala.util.Try$.apply(Try.scala:191) [scala-library-2.11.5.jar:na]
	at scala.util.Failure.recover(Try.scala:215) [scala-library-2.11.5.jar:na]
	at scala.concurrent.Future$$anonfun$recover$1.apply(Future.scala:324) [scala-library-2.11.5.jar:na]
	at scala.concurrent.Future$$anonfun$recover$1.apply(Future.scala:324) [scala-library-2.11.5.jar:na]
	at scala.concurrent.impl.CallbackRunnable.run(Promise.scala:32) [scala-library-2.11.5.jar:na]
	at play.api.libs.iteratee.Execution$trampoline$.execute(Execution.scala:46) [play-iteratees_2.11-2.3.7.jar:2.3.7]
	at scala.concurrent.impl.CallbackRunnable.executeWithValue(Promise.scala:40) [scala-library-2.11.5.jar:na]
	at scala.concurrent.impl.Promise$DefaultPromise.tryComplete(Promise.scala:248) [scala-library-2.11.5.jar:na]
	at scala.concurrent.Promise$class.complete(Promise.scala:55) [scala-library-2.11.5.jar:na]
	at scala.concurrent.impl.Promise$DefaultPromise.complete(Promise.scala:153) [scala-library-2.11.5.jar:na]
	at scala.concurrent.impl.Future$PromiseCompletingRunnable.run(Future.scala:23) [scala-library-2.11.5.jar:na]
	at akka.dispatch.TaskInvocation.run(AbstractDispatcher.scala:41) [akka-actor_2.11-2.3.4.jar:na]
	at akka.dispatch.ForkJoinExecutorConfigurator$AkkaForkJoinTask.exec(AbstractDispatcher.scala:393) [akka-actor_2.11-2.3.4.jar:na]
	at scala.concurrent.forkjoin.ForkJoinTask.doExec(ForkJoinTask.java:260) [scala-library-2.11.5.jar:na]
	at scala.concurrent.forkjoin.ForkJoinPool$WorkQueue.runTask(ForkJoinPool.java:1339) [scala-library-2.11.5.jar:na]
	at scala.concurrent.forkjoin.ForkJoinPool.runWorker(ForkJoinPool.java:1979) [scala-library-2.11.5.jar:na]
	at scala.concurrent.forkjoin.ForkJoinWorkerThread.run(ForkJoinWorkerThread.java:107) [scala-library-2.11.5.jar:na]
Caused by: java.lang.ClassCastException: scala.None$ cannot be cast to com.mongodb.BasicDBObject
	at com.mongodb.casbah.commons.Castable$class.castToOption(Castable.scala:72) ~[casbah-commons_2.11-2.8.0.jar:2.8.0]
	at com.mongodb.casbah.commons.MongoDBObject.castToOption(MongoDBObject.scala:46) ~[casbah-commons_2.11-2.8.0.jar:2.8.0]
	at com.mongodb.casbah.commons.MongoDBObject.as(MongoDBObject.scala:74) ~[casbah-commons_2.11-2.8.0.jar:2.8.0]
	at com.adform.lab.converters.EmployeeConverter$.fromBson(EmployeeConverter.scala:32) ~[classes/:na]
	at com.adform.lab.repositories.EmployeeRepositoryComponentImpl$EmployeeRepositoryImpl$$anonfun$find$1.apply(EmployeeRepositoryComponentImpl.scala:34) ~[classes/:na]
	at com.adform.lab.repositories.EmployeeRepositoryComponentImpl$EmployeeRepositoryImpl$$anonfun$find$1.apply(EmployeeRepositoryComponentImpl.scala:34) ~[classes/:na]
	at scala.collection.Iterator$$anon$11.next(Iterator.scala:370) ~[scala-library-2.11.5.jar:na]
	at scala.collection.Iterator$class.foreach(Iterator.scala:750) ~[scala-library-2.11.5.jar:na]
	at scala.collection.AbstractIterator.foreach(Iterator.scala:1202) ~[scala-library-2.11.5.jar:na]
	at scala.collection.generic.Growable$class.$plus$plus$eq(Growable.scala:59) ~[scala-library-2.11.5.jar:na]
	at scala.collection.mutable.ListBuffer.$plus$plus$eq(ListBuffer.scala:183) ~[scala-library-2.11.5.jar:na]
	at scala.collection.mutable.ListBuffer.$plus$plus$eq(ListBuffer.scala:45) ~[scala-library-2.11.5.jar:na]
	at scala.collection.TraversableOnce$class.to(TraversableOnce.scala:295) ~[scala-library-2.11.5.jar:na]
	at scala.collection.AbstractIterator.to(Iterator.scala:1202) ~[scala-library-2.11.5.jar:na]
	at scala.collection.TraversableOnce$class.toList(TraversableOnce.scala:279) ~[scala-library-2.11.5.jar:na]
	at scala.collection.AbstractIterator.toList(Iterator.scala:1202) ~[scala-library-2.11.5.jar:na]
	at com.adform.lab.repositories.EmployeeRepositoryComponentImpl$EmployeeRepositoryImpl.find(EmployeeRepositoryComponentImpl.scala:34) ~[classes/:na]
	at com.adform.lab.services.EmployeeServiceComponentImpl$EmployeeServiceImpl.getAllEmployees(EmployeeServiceComponentImpl.scala:37) ~[classes/:na]
	at com.adform.lab.controllers.EmployeeController$$anonfun$findEmployeeByParams$1$$anonfun$apply$9$$anonfun$apply$10.apply(EmployeeController.scala:77) ~[classes/:na]
	at com.adform.lab.controllers.EmployeeController$$anonfun$findEmployeeByParams$1$$anonfun$apply$9$$anonfun$apply$10.apply(EmployeeController.scala:75) ~[classes/:na]
	at com.adform.lab.controllers.Secured$$anonfun$WithAuthentication$1.apply(Secured.scala:27) ~[classes/:na]
	at com.adform.lab.controllers.Secured$$anonfun$WithAuthentication$1.apply(Secured.scala:25) ~[classes/:na]
	at play.api.mvc.ActionBuilder$$anonfun$apply$16.apply(Action.scala:433) ~[play_2.11-2.3.7.jar:2.3.7]
	at play.api.mvc.ActionBuilder$$anonfun$apply$16.apply(Action.scala:432) ~[play_2.11-2.3.7.jar:2.3.7]
	at play.api.mvc.Action$.invokeBlock(Action.scala:556) ~[play_2.11-2.3.7.jar:2.3.7]
	at play.api.mvc.Action$.invokeBlock(Action.scala:555) ~[play_2.11-2.3.7.jar:2.3.7]
	at play.api.mvc.ActionBuilder$$anon$1.apply(Action.scala:518) ~[play_2.11-2.3.7.jar:2.3.7]
	at play.api.mvc.Action$$anonfun$apply$1$$anonfun$apply$4$$anonfun$apply$5.apply(Action.scala:130) ~[play_2.11-2.3.7.jar:2.3.7]
	at play.api.mvc.Action$$anonfun$apply$1$$anonfun$apply$4$$anonfun$apply$5.apply(Action.scala:130) ~[play_2.11-2.3.7.jar:2.3.7]
	at play.utils.Threads$.withContextClassLoader(Threads.scala:21) ~[play_2.11-2.3.7.jar:2.3.7]
	at play.api.mvc.Action$$anonfun$apply$1$$anonfun$apply$4.apply(Action.scala:129) ~[play_2.11-2.3.7.jar:2.3.7]
	at play.api.mvc.Action$$anonfun$apply$1$$anonfun$apply$4.apply(Action.scala:128) ~[play_2.11-2.3.7.jar:2.3.7]
	at scala.Option.map(Option.scala:146) ~[scala-library-2.11.5.jar:na]
	at play.api.mvc.Action$$anonfun$apply$1.apply(Action.scala:128) ~[play_2.11-2.3.7.jar:2.3.7]
	at play.api.mvc.Action$$anonfun$apply$1.apply(Action.scala:121) ~[play_2.11-2.3.7.jar:2.3.7]
	at play.api.libs.iteratee.DoneIteratee$$anonfun$mapM$2.apply(Iteratee.scala:705) ~[play-iteratees_2.11-2.3.7.jar:2.3.7]
	at play.api.libs.iteratee.DoneIteratee$$anonfun$mapM$2.apply(Iteratee.scala:705) ~[play-iteratees_2.11-2.3.7.jar:2.3.7]
	at scala.concurrent.impl.Future$PromiseCompletingRunnable.liftedTree1$1(Future.scala:24) [scala-library-2.11.5.jar:na]
	at scala.concurrent.impl.Future$PromiseCompletingRunnable.run(Future.scala:24) [scala-library-2.11.5.jar:na]
	... 6 common frames omitted

2015-02-23 11:35:01,642 - [ERROR] - from application in play-akka.actor.default-dispatcher-33 


! @6l9odkjgc - Internal server error, for (GET) [/employees] ->

play.api.Application$$anon$1: Execution exception[[ClassCastException: scala.None$ cannot be cast to com.mongodb.BasicDBObject]]
	at play.api.Application$class.handleError(Application.scala:296) ~[play_2.11-2.3.7.jar:2.3.7]
	at play.api.DefaultApplication.handleError(Application.scala:402) [play_2.11-2.3.7.jar:2.3.7]
	at play.core.server.netty.PlayDefaultUpstreamHandler$$anonfun$14$$anonfun$apply$1.applyOrElse(PlayDefaultUpstreamHandler.scala:205) [play_2.11-2.3.7.jar:2.3.7]
	at play.core.server.netty.PlayDefaultUpstreamHandler$$anonfun$14$$anonfun$apply$1.applyOrElse(PlayDefaultUpstreamHandler.scala:202) [play_2.11-2.3.7.jar:2.3.7]
	at scala.runtime.AbstractPartialFunction.apply(AbstractPartialFunction.scala:36) [scala-library-2.11.5.jar:na]
	at scala.util.Failure$$anonfun$recover$1.apply(Try.scala:215) [scala-library-2.11.5.jar:na]
	at scala.util.Try$.apply(Try.scala:191) [scala-library-2.11.5.jar:na]
	at scala.util.Failure.recover(Try.scala:215) [scala-library-2.11.5.jar:na]
	at scala.concurrent.Future$$anonfun$recover$1.apply(Future.scala:324) [scala-library-2.11.5.jar:na]
	at scala.concurrent.Future$$anonfun$recover$1.apply(Future.scala:324) [scala-library-2.11.5.jar:na]
	at scala.concurrent.impl.CallbackRunnable.run(Promise.scala:32) [scala-library-2.11.5.jar:na]
	at play.api.libs.iteratee.Execution$trampoline$.execute(Execution.scala:46) [play-iteratees_2.11-2.3.7.jar:2.3.7]
	at scala.concurrent.impl.CallbackRunnable.executeWithValue(Promise.scala:40) [scala-library-2.11.5.jar:na]
	at scala.concurrent.impl.Promise$DefaultPromise.tryComplete(Promise.scala:248) [scala-library-2.11.5.jar:na]
	at scala.concurrent.Promise$class.complete(Promise.scala:55) [scala-library-2.11.5.jar:na]
	at scala.concurrent.impl.Promise$DefaultPromise.complete(Promise.scala:153) [scala-library-2.11.5.jar:na]
	at scala.concurrent.impl.Future$PromiseCompletingRunnable.run(Future.scala:23) [scala-library-2.11.5.jar:na]
	at akka.dispatch.TaskInvocation.run(AbstractDispatcher.scala:41) [akka-actor_2.11-2.3.4.jar:na]
	at akka.dispatch.ForkJoinExecutorConfigurator$AkkaForkJoinTask.exec(AbstractDispatcher.scala:393) [akka-actor_2.11-2.3.4.jar:na]
	at scala.concurrent.forkjoin.ForkJoinTask.doExec(ForkJoinTask.java:260) [scala-library-2.11.5.jar:na]
	at scala.concurrent.forkjoin.ForkJoinPool$WorkQueue.runTask(ForkJoinPool.java:1339) [scala-library-2.11.5.jar:na]
	at scala.concurrent.forkjoin.ForkJoinPool.runWorker(ForkJoinPool.java:1979) [scala-library-2.11.5.jar:na]
	at scala.concurrent.forkjoin.ForkJoinWorkerThread.run(ForkJoinWorkerThread.java:107) [scala-library-2.11.5.jar:na]
Caused by: java.lang.ClassCastException: scala.None$ cannot be cast to com.mongodb.BasicDBObject
	at com.mongodb.casbah.commons.Castable$class.castToOption(Castable.scala:72) ~[casbah-commons_2.11-2.8.0.jar:2.8.0]
	at com.mongodb.casbah.commons.MongoDBObject.castToOption(MongoDBObject.scala:46) ~[casbah-commons_2.11-2.8.0.jar:2.8.0]
	at com.mongodb.casbah.commons.MongoDBObject.as(MongoDBObject.scala:74) ~[casbah-commons_2.11-2.8.0.jar:2.8.0]
	at com.adform.lab.converters.EmployeeConverter$.fromBson(EmployeeConverter.scala:32) ~[classes/:na]
	at com.adform.lab.repositories.EmployeeRepositoryComponentImpl$EmployeeRepositoryImpl$$anonfun$find$1.apply(EmployeeRepositoryComponentImpl.scala:34) ~[classes/:na]
	at com.adform.lab.repositories.EmployeeRepositoryComponentImpl$EmployeeRepositoryImpl$$anonfun$find$1.apply(EmployeeRepositoryComponentImpl.scala:34) ~[classes/:na]
	at scala.collection.Iterator$$anon$11.next(Iterator.scala:370) ~[scala-library-2.11.5.jar:na]
	at scala.collection.Iterator$class.foreach(Iterator.scala:750) ~[scala-library-2.11.5.jar:na]
	at scala.collection.AbstractIterator.foreach(Iterator.scala:1202) ~[scala-library-2.11.5.jar:na]
	at scala.collection.generic.Growable$class.$plus$plus$eq(Growable.scala:59) ~[scala-library-2.11.5.jar:na]
	at scala.collection.mutable.ListBuffer.$plus$plus$eq(ListBuffer.scala:183) ~[scala-library-2.11.5.jar:na]
	at scala.collection.mutable.ListBuffer.$plus$plus$eq(ListBuffer.scala:45) ~[scala-library-2.11.5.jar:na]
	at scala.collection.TraversableOnce$class.to(TraversableOnce.scala:295) ~[scala-library-2.11.5.jar:na]
	at scala.collection.AbstractIterator.to(Iterator.scala:1202) ~[scala-library-2.11.5.jar:na]
	at scala.collection.TraversableOnce$class.toList(TraversableOnce.scala:279) ~[scala-library-2.11.5.jar:na]
	at scala.collection.AbstractIterator.toList(Iterator.scala:1202) ~[scala-library-2.11.5.jar:na]
	at com.adform.lab.repositories.EmployeeRepositoryComponentImpl$EmployeeRepositoryImpl.find(EmployeeRepositoryComponentImpl.scala:34) ~[classes/:na]
	at com.adform.lab.services.EmployeeServiceComponentImpl$EmployeeServiceImpl.getAllEmployees(EmployeeServiceComponentImpl.scala:37) ~[classes/:na]
	at com.adform.lab.controllers.EmployeeController$$anonfun$findEmployeeByParams$1$$anonfun$apply$9$$anonfun$apply$10.apply(EmployeeController.scala:77) ~[classes/:na]
	at com.adform.lab.controllers.EmployeeController$$anonfun$findEmployeeByParams$1$$anonfun$apply$9$$anonfun$apply$10.apply(EmployeeController.scala:75) ~[classes/:na]
	at com.adform.lab.controllers.Secured$$anonfun$WithAuthentication$1.apply(Secured.scala:27) ~[classes/:na]
	at com.adform.lab.controllers.Secured$$anonfun$WithAuthentication$1.apply(Secured.scala:25) ~[classes/:na]
	at play.api.mvc.ActionBuilder$$anonfun$apply$16.apply(Action.scala:433) ~[play_2.11-2.3.7.jar:2.3.7]
	at play.api.mvc.ActionBuilder$$anonfun$apply$16.apply(Action.scala:432) ~[play_2.11-2.3.7.jar:2.3.7]
	at play.api.mvc.Action$.invokeBlock(Action.scala:556) ~[play_2.11-2.3.7.jar:2.3.7]
	at play.api.mvc.Action$.invokeBlock(Action.scala:555) ~[play_2.11-2.3.7.jar:2.3.7]
	at play.api.mvc.ActionBuilder$$anon$1.apply(Action.scala:518) ~[play_2.11-2.3.7.jar:2.3.7]
	at play.api.mvc.Action$$anonfun$apply$1$$anonfun$apply$4$$anonfun$apply$5.apply(Action.scala:130) ~[play_2.11-2.3.7.jar:2.3.7]
	at play.api.mvc.Action$$anonfun$apply$1$$anonfun$apply$4$$anonfun$apply$5.apply(Action.scala:130) ~[play_2.11-2.3.7.jar:2.3.7]
	at play.utils.Threads$.withContextClassLoader(Threads.scala:21) ~[play_2.11-2.3.7.jar:2.3.7]
	at play.api.mvc.Action$$anonfun$apply$1$$anonfun$apply$4.apply(Action.scala:129) ~[play_2.11-2.3.7.jar:2.3.7]
	at play.api.mvc.Action$$anonfun$apply$1$$anonfun$apply$4.apply(Action.scala:128) ~[play_2.11-2.3.7.jar:2.3.7]
	at scala.Option.map(Option.scala:146) ~[scala-library-2.11.5.jar:na]
	at play.api.mvc.Action$$anonfun$apply$1.apply(Action.scala:128) ~[play_2.11-2.3.7.jar:2.3.7]
	at play.api.mvc.Action$$anonfun$apply$1.apply(Action.scala:121) ~[play_2.11-2.3.7.jar:2.3.7]
	at play.api.libs.iteratee.DoneIteratee$$anonfun$mapM$2.apply(Iteratee.scala:705) ~[play-iteratees_2.11-2.3.7.jar:2.3.7]
	at play.api.libs.iteratee.DoneIteratee$$anonfun$mapM$2.apply(Iteratee.scala:705) ~[play-iteratees_2.11-2.3.7.jar:2.3.7]
	at scala.concurrent.impl.Future$PromiseCompletingRunnable.liftedTree1$1(Future.scala:24) [scala-library-2.11.5.jar:na]
	at scala.concurrent.impl.Future$PromiseCompletingRunnable.run(Future.scala:24) [scala-library-2.11.5.jar:na]
	... 6 common frames omitted

2015-02-23 11:38:04,235 - [ERROR] - from application in play-akka.actor.default-dispatcher-30 


! @6l9oe53j5 - Internal server error, for (GET) [/employees] ->

play.api.Application$$anon$1: Execution exception[[ClassCastException: scala.None$ cannot be cast to com.mongodb.BasicDBObject]]
	at play.api.Application$class.handleError(Application.scala:296) ~[play_2.11-2.3.7.jar:2.3.7]
	at play.api.DefaultApplication.handleError(Application.scala:402) [play_2.11-2.3.7.jar:2.3.7]
	at play.core.server.netty.PlayDefaultUpstreamHandler$$anonfun$14$$anonfun$apply$1.applyOrElse(PlayDefaultUpstreamHandler.scala:205) [play_2.11-2.3.7.jar:2.3.7]
	at play.core.server.netty.PlayDefaultUpstreamHandler$$anonfun$14$$anonfun$apply$1.applyOrElse(PlayDefaultUpstreamHandler.scala:202) [play_2.11-2.3.7.jar:2.3.7]
	at scala.runtime.AbstractPartialFunction.apply(AbstractPartialFunction.scala:36) [scala-library-2.11.5.jar:na]
	at scala.util.Failure$$anonfun$recover$1.apply(Try.scala:215) [scala-library-2.11.5.jar:na]
	at scala.util.Try$.apply(Try.scala:191) [scala-library-2.11.5.jar:na]
	at scala.util.Failure.recover(Try.scala:215) [scala-library-2.11.5.jar:na]
	at scala.concurrent.Future$$anonfun$recover$1.apply(Future.scala:324) [scala-library-2.11.5.jar:na]
	at scala.concurrent.Future$$anonfun$recover$1.apply(Future.scala:324) [scala-library-2.11.5.jar:na]
	at scala.concurrent.impl.CallbackRunnable.run(Promise.scala:32) [scala-library-2.11.5.jar:na]
	at play.api.libs.iteratee.Execution$trampoline$.execute(Execution.scala:46) [play-iteratees_2.11-2.3.7.jar:2.3.7]
	at scala.concurrent.impl.CallbackRunnable.executeWithValue(Promise.scala:40) [scala-library-2.11.5.jar:na]
	at scala.concurrent.impl.Promise$DefaultPromise.tryComplete(Promise.scala:248) [scala-library-2.11.5.jar:na]
	at scala.concurrent.Promise$class.complete(Promise.scala:55) [scala-library-2.11.5.jar:na]
	at scala.concurrent.impl.Promise$DefaultPromise.complete(Promise.scala:153) [scala-library-2.11.5.jar:na]
	at scala.concurrent.impl.Future$PromiseCompletingRunnable.run(Future.scala:23) [scala-library-2.11.5.jar:na]
	at akka.dispatch.TaskInvocation.run(AbstractDispatcher.scala:41) [akka-actor_2.11-2.3.4.jar:na]
	at akka.dispatch.ForkJoinExecutorConfigurator$AkkaForkJoinTask.exec(AbstractDispatcher.scala:393) [akka-actor_2.11-2.3.4.jar:na]
	at scala.concurrent.forkjoin.ForkJoinTask.doExec(ForkJoinTask.java:260) [scala-library-2.11.5.jar:na]
	at scala.concurrent.forkjoin.ForkJoinPool$WorkQueue.runTask(ForkJoinPool.java:1339) [scala-library-2.11.5.jar:na]
	at scala.concurrent.forkjoin.ForkJoinPool.runWorker(ForkJoinPool.java:1979) [scala-library-2.11.5.jar:na]
	at scala.concurrent.forkjoin.ForkJoinWorkerThread.run(ForkJoinWorkerThread.java:107) [scala-library-2.11.5.jar:na]
Caused by: java.lang.ClassCastException: scala.None$ cannot be cast to com.mongodb.BasicDBObject
	at com.mongodb.casbah.commons.Castable$class.castToOption(Castable.scala:72) ~[casbah-commons_2.11-2.8.0.jar:2.8.0]
	at com.mongodb.casbah.commons.MongoDBObject.castToOption(MongoDBObject.scala:46) ~[casbah-commons_2.11-2.8.0.jar:2.8.0]
	at com.mongodb.casbah.commons.MongoDBObject.as(MongoDBObject.scala:74) ~[casbah-commons_2.11-2.8.0.jar:2.8.0]
	at com.adform.lab.converters.EmployeeConverter$.fromBson(EmployeeConverter.scala:32) ~[classes/:na]
	at com.adform.lab.repositories.EmployeeRepositoryComponentImpl$EmployeeRepositoryImpl$$anonfun$find$1.apply(EmployeeRepositoryComponentImpl.scala:34) ~[classes/:na]
	at com.adform.lab.repositories.EmployeeRepositoryComponentImpl$EmployeeRepositoryImpl$$anonfun$find$1.apply(EmployeeRepositoryComponentImpl.scala:34) ~[classes/:na]
	at scala.collection.Iterator$$anon$11.next(Iterator.scala:370) ~[scala-library-2.11.5.jar:na]
	at scala.collection.Iterator$class.foreach(Iterator.scala:750) ~[scala-library-2.11.5.jar:na]
	at scala.collection.AbstractIterator.foreach(Iterator.scala:1202) ~[scala-library-2.11.5.jar:na]
	at scala.collection.generic.Growable$class.$plus$plus$eq(Growable.scala:59) ~[scala-library-2.11.5.jar:na]
	at scala.collection.mutable.ListBuffer.$plus$plus$eq(ListBuffer.scala:183) ~[scala-library-2.11.5.jar:na]
	at scala.collection.mutable.ListBuffer.$plus$plus$eq(ListBuffer.scala:45) ~[scala-library-2.11.5.jar:na]
	at scala.collection.TraversableOnce$class.to(TraversableOnce.scala:295) ~[scala-library-2.11.5.jar:na]
	at scala.collection.AbstractIterator.to(Iterator.scala:1202) ~[scala-library-2.11.5.jar:na]
	at scala.collection.TraversableOnce$class.toList(TraversableOnce.scala:279) ~[scala-library-2.11.5.jar:na]
	at scala.collection.AbstractIterator.toList(Iterator.scala:1202) ~[scala-library-2.11.5.jar:na]
	at com.adform.lab.repositories.EmployeeRepositoryComponentImpl$EmployeeRepositoryImpl.find(EmployeeRepositoryComponentImpl.scala:34) ~[classes/:na]
	at com.adform.lab.services.EmployeeServiceComponentImpl$EmployeeServiceImpl.getAllEmployees(EmployeeServiceComponentImpl.scala:37) ~[classes/:na]
	at com.adform.lab.controllers.EmployeeController$$anonfun$findEmployeeByParams$1$$anonfun$apply$9$$anonfun$apply$10.apply(EmployeeController.scala:77) ~[classes/:na]
	at com.adform.lab.controllers.EmployeeController$$anonfun$findEmployeeByParams$1$$anonfun$apply$9$$anonfun$apply$10.apply(EmployeeController.scala:75) ~[classes/:na]
	at com.adform.lab.controllers.Secured$$anonfun$WithAuthentication$1.apply(Secured.scala:27) ~[classes/:na]
	at com.adform.lab.controllers.Secured$$anonfun$WithAuthentication$1.apply(Secured.scala:25) ~[classes/:na]
	at play.api.mvc.ActionBuilder$$anonfun$apply$16.apply(Action.scala:433) ~[play_2.11-2.3.7.jar:2.3.7]
	at play.api.mvc.ActionBuilder$$anonfun$apply$16.apply(Action.scala:432) ~[play_2.11-2.3.7.jar:2.3.7]
	at play.api.mvc.Action$.invokeBlock(Action.scala:556) ~[play_2.11-2.3.7.jar:2.3.7]
	at play.api.mvc.Action$.invokeBlock(Action.scala:555) ~[play_2.11-2.3.7.jar:2.3.7]
	at play.api.mvc.ActionBuilder$$anon$1.apply(Action.scala:518) ~[play_2.11-2.3.7.jar:2.3.7]
	at play.api.mvc.Action$$anonfun$apply$1$$anonfun$apply$4$$anonfun$apply$5.apply(Action.scala:130) ~[play_2.11-2.3.7.jar:2.3.7]
	at play.api.mvc.Action$$anonfun$apply$1$$anonfun$apply$4$$anonfun$apply$5.apply(Action.scala:130) ~[play_2.11-2.3.7.jar:2.3.7]
	at play.utils.Threads$.withContextClassLoader(Threads.scala:21) ~[play_2.11-2.3.7.jar:2.3.7]
	at play.api.mvc.Action$$anonfun$apply$1$$anonfun$apply$4.apply(Action.scala:129) ~[play_2.11-2.3.7.jar:2.3.7]
	at play.api.mvc.Action$$anonfun$apply$1$$anonfun$apply$4.apply(Action.scala:128) ~[play_2.11-2.3.7.jar:2.3.7]
	at scala.Option.map(Option.scala:146) ~[scala-library-2.11.5.jar:na]
	at play.api.mvc.Action$$anonfun$apply$1.apply(Action.scala:128) ~[play_2.11-2.3.7.jar:2.3.7]
	at play.api.mvc.Action$$anonfun$apply$1.apply(Action.scala:121) ~[play_2.11-2.3.7.jar:2.3.7]
	at play.api.libs.iteratee.DoneIteratee$$anonfun$mapM$2.apply(Iteratee.scala:705) ~[play-iteratees_2.11-2.3.7.jar:2.3.7]
	at play.api.libs.iteratee.DoneIteratee$$anonfun$mapM$2.apply(Iteratee.scala:705) ~[play-iteratees_2.11-2.3.7.jar:2.3.7]
	at scala.concurrent.impl.Future$PromiseCompletingRunnable.liftedTree1$1(Future.scala:24) [scala-library-2.11.5.jar:na]
	at scala.concurrent.impl.Future$PromiseCompletingRunnable.run(Future.scala:24) [scala-library-2.11.5.jar:na]
	... 6 common frames omitted

